# JRE version: Java(TM) SE Runtime Environment (17.0.9+11) (build 17.0.9+11-LTS-201)
# Java VM: Java HotSpot(TM) 64-Bit Server VM (17.0.9+11-LTS-201, mixed mode, sharing, tiered, compressed oops, compressed class ptrs, g1 gc, windows-amd64)
GC Precious Log:
 CPUs: 4 total, 4 available
 Memory: 8155M
 Large Page Support: Disabled
 NUMA Support: Disabled
 Compressed Oops: Enabled (32-bit)
 Heap Region Size: 1M
 Heap Min Capacity: 8M
 Heap Initial Capacity: 128M
 Heap Max Capacity: 2040M
 Pre-touch: Disabled
 Parallel Workers: 4
 Concurrent Workers: 1
 Concurrent Refinement Workers: 4
 Periodic GC: Disabled
Heap:
 garbage-first heap   total 120832K, used 37057K [0x0000000080800000, 0x0000000100000000)
  region size 1024K, 7 young (7168K), 1 survivors (1024K)
 Metaspace       used 66817K, committed 67328K, reserved 1114112K
  class space    used 8434K, committed 8704K, reserved 1048576K
GC Heap History (20 events):
Event: 85.089 GC heap before
{Heap before GC invocations=51 (full 0):
 garbage-first heap   total 120832K, used 102535K [0x0000000080800000, 0x0000000100000000)
  region size 1024K, 70 young (71680K), 1 survivors (1024K)
 Metaspace       used 66817K, committed 67328K, reserved 1114112K
  class space    used 8434K, committed 8704K, reserved 1048576K
}
Event: 85.090 GC heap after
{Heap after GC invocations=52 (full 0):
 garbage-first heap   total 120832K, used 31929K [0x0000000080800000, 0x0000000100000000)
  region size 1024K, 1 young (1024K), 1 survivors (1024K)
 Metaspace       used 66817K, committed 67328K, reserved 1114112K
  class space    used 8434K, committed 8704K, reserved 1048576K
}
Event: 88.607 GC heap before
{Heap before GC invocations=52 (full 0):
 garbage-first heap   total 120832K, used 101561K [0x0000000080800000, 0x0000000100000000)
  region size 1024K, 70 young (71680K), 1 survivors (1024K)
 Metaspace       used 66817K, committed 67328K, reserved 1114112K
  class space    used 8434K, committed 8704K, reserved 1048576K
}
Event: 88.608 GC heap after
{Heap after GC invocations=53 (full 0):
 garbage-first heap   total 120832K, used 31986K [0x0000000080800000, 0x0000000100000000)
  region size 1024K, 1 young (1024K), 1 survivors (1024K)
 Metaspace       used 66817K, committed 67328K, reserved 1114112K
  class space    used 8434K, committed 8704K, reserved 1048576K
}
Event: 90.671 GC heap before
{Heap before GC invocations=53 (full 0):
 garbage-first heap   total 120832K, used 101618K [0x0000000080800000, 0x0000000100000000)
  region size 1024K, 70 young (71680K), 1 survivors (1024K)
 Metaspace       used 66817K, committed 67328K, reserved 1114112K
  class space    used 8434K, committed 8704K, reserved 1048576K
}
Event: 90.672 GC heap after
{Heap after GC invocations=54 (full 0):
 garbage-first heap   total 120832K, used 31963K [0x0000000080800000, 0x0000000100000000)
  region size 1024K, 1 young (1024K), 1 survivors (1024K)
 Metaspace       used 66817K, committed 67328K, reserved 1114112K
  class space    used 8434K, committed 8704K, reserved 1048576K
}
Event: 91.625 GC heap before
{Heap before GC invocations=54 (full 0):
 garbage-first heap   total 120832K, used 102619K [0x0000000080800000, 0x0000000100000000)
  region size 1024K, 70 young (71680K), 1 survivors (1024K)
 Metaspace       used 66817K, committed 67328K, reserved 1114112K
  class space    used 8434K, committed 8704K, reserved 1048576K
}
Event: 91.626 GC heap after
{Heap after GC invocations=55 (full 0):
 garbage-first heap   total 120832K, used 31964K [0x0000000080800000, 0x0000000100000000)
  region size 1024K, 1 young (1024K), 1 survivors (1024K)
 Metaspace       used 66817K, committed 67328K, reserved 1114112K
  class space    used 8434K, committed 8704K, reserved 1048576K
}
Event: 92.350 GC heap before
{Heap before GC invocations=55 (full 0):
 garbage-first heap   total 120832K, used 102620K [0x0000000080800000, 0x0000000100000000)
  region size 1024K, 70 young (71680K), 1 survivors (1024K)
 Metaspace       used 66817K, committed 67328K, reserved 1114112K
  class space    used 8434K, committed 8704K, reserved 1048576K
}
Event: 92.351 GC heap after
{Heap after GC invocations=56 (full 0):
 garbage-first heap   total 120832K, used 32038K [0x0000000080800000, 0x0000000100000000)
  region size 1024K, 1 young (1024K), 1 survivors (1024K)
 Metaspace       used 66817K, committed 67328K, reserved 1114112K
  class space    used 8434K, committed 8704K, reserved 1048576K
}
Event: 95.206 GC heap before
{Heap before GC invocations=56 (full 0):
 garbage-first heap   total 120832K, used 102694K [0x0000000080800000, 0x0000000100000000)
  region size 1024K, 70 young (71680K), 1 survivors (1024K)
 Metaspace       used 66817K, committed 67328K, reserved 1114112K
  class space    used 8434K, committed 8704K, reserved 1048576K
}
Event: 95.208 GC heap after
{Heap after GC invocations=57 (full 0):
 garbage-first heap   total 120832K, used 31961K [0x0000000080800000, 0x0000000100000000)
  region size 1024K, 1 young (1024K), 1 survivors (1024K)
 Metaspace       used 66817K, committed 67328K, reserved 1114112K
  class space    used 8434K, committed 8704K, reserved 1048576K
}
Event: 96.512 GC heap before
{Heap before GC invocations=57 (full 0):
 garbage-first heap   total 120832K, used 102617K [0x0000000080800000, 0x0000000100000000)
  region size 1024K, 70 young (71680K), 1 survivors (1024K)
 Metaspace       used 66817K, committed 67328K, reserved 1114112K
  class space    used 8434K, committed 8704K, reserved 1048576K
}
Event: 96.513 GC heap after
{Heap after GC invocations=58 (full 0):
 garbage-first heap   total 120832K, used 31957K [0x0000000080800000, 0x0000000100000000)
  region size 1024K, 1 young (1024K), 1 survivors (1024K)
 Metaspace       used 66817K, committed 67328K, reserved 1114112K
  class space    used 8434K, committed 8704K, reserved 1048576K
}
Event: 98.115 GC heap before
{Heap before GC invocations=58 (full 0):
 garbage-first heap   total 120832K, used 101589K [0x0000000080800000, 0x0000000100000000)
  region size 1024K, 70 young (71680K), 1 survivors (1024K)
 Metaspace       used 66817K, committed 67328K, reserved 1114112K
  class space    used 8434K, committed 8704K, reserved 1048576K
}
Event: 98.116 GC heap after
{Heap after GC invocations=59 (full 0):
 garbage-first heap   total 120832K, used 31926K [0x0000000080800000, 0x0000000100000000)
  region size 1024K, 1 young (1024K), 1 survivors (1024K)
 Metaspace       used 66817K, committed 67328K, reserved 1114112K
  class space    used 8434K, committed 8704K, reserved 1048576K
}
Event: 99.672 GC heap before
{Heap before GC invocations=59 (full 0):
 garbage-first heap   total 120832K, used 101558K [0x0000000080800000, 0x0000000100000000)
  region size 1024K, 70 young (71680K), 1 survivors (1024K)
 Metaspace       used 66817K, committed 67328K, reserved 1114112K
  class space    used 8434K, committed 8704K, reserved 1048576K
}
Event: 99.673 GC heap after
{Heap after GC invocations=60 (full 0):
 garbage-first heap   total 120832K, used 32031K [0x0000000080800000, 0x0000000100000000)
  region size 1024K, 1 young (1024K), 1 survivors (1024K)
 Metaspace       used 66817K, committed 67328K, reserved 1114112K
  class space    used 8434K, committed 8704K, reserved 1048576K
}
Event: 101.008 GC heap before
{Heap before GC invocations=60 (full 0):
 garbage-first heap   total 120832K, used 101663K [0x0000000080800000, 0x0000000100000000)
  region size 1024K, 70 young (71680K), 1 survivors (1024K)
 Metaspace       used 66817K, committed 67328K, reserved 1114112K
  class space    used 8434K, committed 8704K, reserved 1048576K
}
Event: 101.009 GC heap after
{Heap after GC invocations=61 (full 0):
 garbage-first heap   total 120832K, used 31937K [0x0000000080800000, 0x0000000100000000)
  region size 1024K, 1 young (1024K), 1 survivors (1024K)
 Metaspace       used 66817K, committed 67328K, reserved 1114112K
  class space    used 8434K, committed 8704K, reserved 1048576K
}

